<?xml version="1.0" encoding="UTF-8"?>
<!-- Generated by org.testng.reporters.JUnitReportReporter -->
<testsuite hostname="DESKTOP-C6R3MST" failures="0" tests="3" name="FacebookAuto.FacebookTest" time="35.480" errors="0" timestamp="2021-08-08T18:31:16 IST" skipped="0">
  <testcase classname="FacebookAuto.FacebookTest" name="CreateAcc" time="13.529"/>
  <system-out/>
  <testcase classname="FacebookAuto.FacebookTest" name="CreateAcc" time="11.549"/>
  <system-out/>
  <testcase classname="FacebookAuto.FacebookTest" name="CreateAcc" time="10.402"/>
  <system-out/>
</testsuite> <!-- FacebookAuto.FacebookTest -->
